{"/Users/pscanf/mondora/pro-gulp/src/pro-gulp.js":{"path":"/Users/pscanf/mondora/pro-gulp/src/pro-gulp.js","s":{"1":1,"2":1,"3":1,"4":1,"5":1,"6":15,"7":10,"8":9,"9":15,"10":1,"11":3,"12":2,"13":2,"14":1,"15":3,"16":2,"17":4},"b":{"1":[10,5],"2":[9,8]},"f":{"1":15,"2":9,"3":8,"4":3,"5":2,"6":2,"7":3,"8":2,"9":4},"fnMap":{"1":{"name":"task","line":8,"loc":{"start":{"line":8,"column":15},"end":{"line":8,"column":52}}},"2":{"name":"(anonymous_2)","line":10,"loc":{"start":{"line":10,"column":22},"end":{"line":10,"column":34}}},"3":{"name":"noop","line":15,"loc":{"start":{"line":15,"column":38},"end":{"line":15,"column":55}}},"4":{"name":"parallel","line":22,"loc":{"start":{"line":22,"column":19},"end":{"line":22,"column":48}}},"5":{"name":"(anonymous_5)","line":23,"loc":{"start":{"line":23,"column":11},"end":{"line":23,"column":23}}},"6":{"name":"(anonymous_6)","line":24,"loc":{"start":{"line":24,"column":38},"end":{"line":24,"column":54}}},"7":{"name":"sequence","line":30,"loc":{"start":{"line":30,"column":19},"end":{"line":30,"column":48}}},"8":{"name":"(anonymous_8)","line":31,"loc":{"start":{"line":31,"column":11},"end":{"line":31,"column":23}}},"9":{"name":"(anonymous_9)","line":32,"loc":{"start":{"line":32,"column":41},"end":{"line":32,"column":62}}}},"statementMap":{"1":{"start":{"line":1,"column":0},"end":{"line":1,"column":35}},"2":{"start":{"line":3,"column":0},"end":{"line":3,"column":40}},"3":{"start":{"line":4,"column":0},"end":{"line":4,"column":46}},"4":{"start":{"line":6,"column":0},"end":{"line":6,"column":15}},"5":{"start":{"line":8,"column":0},"end":{"line":20,"column":2}},"6":{"start":{"line":9,"column":4},"end":{"line":18,"column":5}},"7":{"start":{"line":10,"column":8},"end":{"line":17,"column":10}},"8":{"start":{"line":11,"column":12},"end":{"line":16,"column":31}},"9":{"start":{"line":19,"column":4},"end":{"line":19,"column":23}},"10":{"start":{"line":22,"column":0},"end":{"line":28,"column":2}},"11":{"start":{"line":23,"column":4},"end":{"line":27,"column":6}},"12":{"start":{"line":24,"column":8},"end":{"line":26,"column":11}},"13":{"start":{"line":25,"column":12},"end":{"line":25,"column":33}},"14":{"start":{"line":30,"column":0},"end":{"line":36,"column":2}},"15":{"start":{"line":31,"column":4},"end":{"line":35,"column":6}},"16":{"start":{"line":32,"column":8},"end":{"line":34,"column":31}},"17":{"start":{"line":33,"column":12},"end":{"line":33,"column":33}}},"branchMap":{"1":{"line":9,"type":"if","locations":[{"start":{"line":9,"column":4},"end":{"line":9,"column":4}},{"start":{"line":9,"column":4},"end":{"line":9,"column":4}}]},"2":{"line":15,"type":"binary-expr","locations":[{"start":{"line":15,"column":32},"end":{"line":15,"column":34}},{"start":{"line":15,"column":38},"end":{"line":15,"column":57}}]}}},"/Users/pscanf/mondora/pro-gulp/src/lib/log.js":{"path":"/Users/pscanf/mondora/pro-gulp/src/lib/log.js","s":{"1":1,"2":1,"3":11,"4":1,"5":11,"6":11,"7":1,"8":11,"9":11},"b":{},"f":{"1":11,"2":11,"3":11},"fnMap":{"1":{"name":"(anonymous_1)","line":3,"loc":{"start":{"line":3,"column":21},"end":{"line":3,"column":38}}},"2":{"name":"start","line":7,"loc":{"start":{"line":7,"column":16},"end":{"line":7,"column":34}}},"3":{"name":"start","line":16,"loc":{"start":{"line":16,"column":14},"end":{"line":16,"column":32}}}},"statementMap":{"1":{"start":{"line":1,"column":0},"end":{"line":1,"column":32}},"2":{"start":{"line":3,"column":0},"end":{"line":5,"column":2}},"3":{"start":{"line":4,"column":4},"end":{"line":4,"column":37}},"4":{"start":{"line":7,"column":0},"end":{"line":14,"column":2}},"5":{"start":{"line":8,"column":4},"end":{"line":8,"column":28}},"6":{"start":{"line":9,"column":4},"end":{"line":13,"column":16}},"7":{"start":{"line":16,"column":0},"end":{"line":25,"column":2}},"8":{"start":{"line":17,"column":4},"end":{"line":17,"column":26}},"9":{"start":{"line":18,"column":4},"end":{"line":24,"column":16}}},"branchMap":{}},"/Users/pscanf/mondora/pro-gulp/src/lib/promisify.js":{"path":"/Users/pscanf/mondora/pro-gulp/src/lib/promisify.js","s":{"1":1,"2":1,"3":19,"4":1,"5":24,"6":1,"7":26,"8":25,"9":24,"10":5,"11":19,"12":2,"13":2,"14":17},"b":{"1":[19,3,2],"2":[24,8,5],"3":[5,19],"4":[2,17]},"f":{"1":19,"2":24,"3":26,"4":25,"5":2},"fnMap":{"1":{"name":"(anonymous_1)","line":3,"loc":{"start":{"line":3,"column":15},"end":{"line":3,"column":32}}},"2":{"name":"(anonymous_2)","line":11,"loc":{"start":{"line":11,"column":16},"end":{"line":11,"column":33}}},"3":{"name":"promisify","line":19,"loc":{"start":{"line":19,"column":17},"end":{"line":19,"column":41}}},"4":{"name":"promisifyWrapper","line":20,"loc":{"start":{"line":20,"column":11},"end":{"line":20,"column":55}}},"5":{"name":"(anonymous_5)","line":26,"loc":{"start":{"line":26,"column":32},"end":{"line":26,"column":59}}}},"statementMap":{"1":{"start":{"line":1,"column":0},"end":{"line":1,"column":35}},"2":{"start":{"line":3,"column":0},"end":{"line":9,"column":2}},"3":{"start":{"line":4,"column":4},"end":{"line":8,"column":6}},"4":{"start":{"line":11,"column":0},"end":{"line":17,"column":2}},"5":{"start":{"line":12,"column":4},"end":{"line":16,"column":6}},"6":{"start":{"line":19,"column":0},"end":{"line":32,"column":2}},"7":{"start":{"line":20,"column":4},"end":{"line":31,"column":6}},"8":{"start":{"line":21,"column":8},"end":{"line":21,"column":23}},"9":{"start":{"line":22,"column":8},"end":{"line":24,"column":9}},"10":{"start":{"line":23,"column":12},"end":{"line":23,"column":23}},"11":{"start":{"line":25,"column":8},"end":{"line":29,"column":9}},"12":{"start":{"line":26,"column":12},"end":{"line":28,"column":15}},"13":{"start":{"line":27,"column":16},"end":{"line":27,"column":59}},"14":{"start":{"line":30,"column":8},"end":{"line":30,"column":37}}},"branchMap":{"1":{"line":5,"type":"binary-expr","locations":[{"start":{"line":5,"column":8},"end":{"line":5,"column":13}},{"start":{"line":6,"column":8},"end":{"line":6,"column":18}},{"start":{"line":7,"column":8},"end":{"line":7,"column":40}}]},"2":{"line":13,"type":"binary-expr","locations":[{"start":{"line":13,"column":8},"end":{"line":13,"column":13}},{"start":{"line":14,"column":8},"end":{"line":14,"column":18}},{"start":{"line":15,"column":8},"end":{"line":15,"column":40}}]},"3":{"line":22,"type":"if","locations":[{"start":{"line":22,"column":8},"end":{"line":22,"column":8}},{"start":{"line":22,"column":8},"end":{"line":22,"column":8}}]},"4":{"line":25,"type":"if","locations":[{"start":{"line":25,"column":8},"end":{"line":25,"column":8}},{"start":{"line":25,"column":8},"end":{"line":25,"column":8}}]}}}}