TN:
SF:/Users/pscanf/mondora/pro-gulp/src/pro-gulp.js
FN:8,task
FN:10,(anonymous_2)
FN:15,noop
FN:22,parallel
FN:23,(anonymous_5)
FN:24,(anonymous_6)
FN:30,sequence
FN:31,(anonymous_8)
FN:32,(anonymous_9)
FNF:9
FNH:9
FNDA:15,task
FNDA:9,(anonymous_2)
FNDA:8,noop
FNDA:3,parallel
FNDA:2,(anonymous_5)
FNDA:2,(anonymous_6)
FNDA:3,sequence
FNDA:2,(anonymous_8)
FNDA:4,(anonymous_9)
DA:1,1
DA:3,1
DA:4,1
DA:6,1
DA:8,1
DA:9,15
DA:10,10
DA:11,9
DA:19,15
DA:22,1
DA:23,3
DA:24,2
DA:25,2
DA:30,1
DA:31,3
DA:32,2
DA:33,4
LF:17
LH:17
BRDA:9,1,0,10
BRDA:9,1,1,5
BRDA:15,2,0,9
BRDA:15,2,1,8
BRF:4
BRH:4
end_of_record
TN:
SF:/Users/pscanf/mondora/pro-gulp/src/lib/log.js
FN:3,(anonymous_1)
FN:7,start
FN:16,start
FNF:3
FNH:3
FNDA:11,(anonymous_1)
FNDA:11,start
FNDA:11,start
DA:1,1
DA:3,1
DA:4,11
DA:7,1
DA:8,11
DA:9,11
DA:16,1
DA:17,11
DA:18,11
LF:9
LH:9
BRF:0
BRH:0
end_of_record
TN:
SF:/Users/pscanf/mondora/pro-gulp/src/lib/promisify.js
FN:3,(anonymous_1)
FN:11,(anonymous_2)
FN:19,promisify
FN:20,promisifyWrapper
FN:26,(anonymous_5)
FNF:5
FNH:5
FNDA:19,(anonymous_1)
FNDA:24,(anonymous_2)
FNDA:26,promisify
FNDA:25,promisifyWrapper
FNDA:2,(anonymous_5)
DA:1,1
DA:3,1
DA:4,19
DA:11,1
DA:12,24
DA:19,1
DA:20,26
DA:21,25
DA:22,24
DA:23,5
DA:25,19
DA:26,2
DA:27,2
DA:30,17
LF:14
LH:14
BRDA:5,1,0,19
BRDA:5,1,1,3
BRDA:5,1,2,2
BRDA:13,2,0,24
BRDA:13,2,1,8
BRDA:13,2,2,5
BRDA:22,3,0,5
BRDA:22,3,1,19
BRDA:25,4,0,2
BRDA:25,4,1,17
BRF:10
BRH:10
end_of_record
